<?xml version="1.0" encoding="UTF-8"?>
<!-- Generated by org.testng.reporters.JUnitXMLReporter -->
<testsuite hostname="DESKTOP-1KNDH1V" ignored="6" name="Test" tests="8" failures="0" timestamp="25 May 2020 12:50:03 GMT" time="520.998" errors="0">
  <testcase name="formVerification" time="9.264" classname="NewTours.FormTest"/>
  <testcase name="productVerification" time="9.694" classname="NewTours.FormTest"/>
  <testcase name="productSumVerification" time="24.533" classname="NewTours.FormTest"/>
  <testcase name="flightBooking" time="52.615" classname="NewTours.ReservationTest"/>
  <testcase name="resrvationVerification" time="38.515" classname="NewTours.ReservationTest"/>
  <testcase name="VerifyConfirmationPage" time="25.292" classname="NewTours.RegistrationTest"/>
  <testcase name="invalidLoginVerification" time="8.032" classname="NewTours.LoginTest"/>
  <testcase name="loginVerfication" time="29.493" classname="NewTours.LoginTest"/>
  <testcase name="@AfterTest exit" time="0.0" classname="Utils.ConfigClass">
    <ignored/>
  </testcase> <!-- @AfterTest exit -->
  <testcase name="@AfterTest exit" time="0.0" classname="Utils.ConfigClass">
    <ignored/>
  </testcase> <!-- @AfterTest exit -->
  <testcase name="@AfterTest exit" time="0.0" classname="Utils.ConfigClass">
    <ignored/>
  </testcase> <!-- @AfterTest exit -->
  <testcase name="@BeforeSuite Report" time="0.0" classname="Utils.ExtentReport">
    <ignored/>
  </testcase> <!-- @BeforeSuite Report -->
  <testcase name="@BeforeSuite Report" time="0.0" classname="Utils.ExtentReport">
    <ignored/>
  </testcase> <!-- @BeforeSuite Report -->
  <testcase name="@BeforeSuite Report" time="0.0" classname="Utils.ExtentReport">
    <ignored/>
  </testcase> <!-- @BeforeSuite Report -->
</testsuite> <!-- Test -->
